<?xml version="1.0" encoding="UTF-8"?>
<!-- Generated by org.testng.reporters.JUnitReportReporter -->
<testsuite hostname="DESKTOP-BHVR25O" failures="0" tests="1" name="test.HomePageTest" time="12.634" errors="0" timestamp="2023-08-31T18:14:11 IST" skipped="0">
  <testcase classname="test.HomePageTest" name="hometest" time="12.634"/>
  <system-out/>
</testsuite> <!-- test.HomePageTest -->
