<?xml version="1.0" encoding="UTF-8"?>
<!-- Generated by org.testng.reporters.JUnitReportReporter -->
<testsuite hostname="DESKTOP-BHVR25O" failures="0" tests="1" name="demoTest.TestPageBD" time="13.618" errors="0" timestamp="2023-08-30T14:32:58 IST" skipped="0">
  <testcase classname="demoTest.TestPageBD" name="verifyLoginWithValidCred" time="13.618"/>
  <system-out/>
</testsuite> <!-- demoTest.TestPageBD -->
